Start testing: May 07 14:28 台北標準時間
----------------------------------------------------------
1/5 Testing: test_twosum
1/5 Test: test_twosum
Command: "E:/School/1142/AI-assisted/Repos/11402_CS351_Project0/build/test_twosum.exe"
Directory: E:/School/1142/AI-assisted/Repos/11402_CS351_Project0/build
"test_twosum" start time: May 07 14:28 台北標準時間
Output:
----------------------------------------------------------
All Two Sum tests passed
<end of output>
Test time =   0.10 sec
----------------------------------------------------------
Test Passed.
"test_twosum" end time: May 07 14:28 台北標準時間
"test_twosum" time elapsed: 00:00:00
----------------------------------------------------------

2/5 Testing: case_basic
2/5 Test: case_basic
Command: "E:/School/1142/AI-assisted/Repos/11402_CS351_Project0/build/twosum_test.exe" "basic"
Directory: E:/School/1142/AI-assisted/Repos/11402_CS351_Project0/build
"case_basic" start time: May 07 14:28 台北標準時間
Output:
----------------------------------------------------------
PASSED: basic
<end of output>
Test time =   0.12 sec
----------------------------------------------------------
Test Passed.
"case_basic" end time: May 07 14:28 台北標準時間
"case_basic" time elapsed: 00:00:00
----------------------------------------------------------

3/5 Testing: case_negative
3/5 Test: case_negative
Command: "E:/School/1142/AI-assisted/Repos/11402_CS351_Project0/build/twosum_test.exe" "negative"
Directory: E:/School/1142/AI-assisted/Repos/11402_CS351_Project0/build
"case_negative" start time: May 07 14:28 台北標準時間
Output:
----------------------------------------------------------
PASSED: negative
<end of output>
Test time =   0.03 sec
----------------------------------------------------------
Test Passed.
"case_negative" end time: May 07 14:28 台北標準時間
"case_negative" time elapsed: 00:00:00
----------------------------------------------------------

4/5 Testing: case_duplicate
4/5 Test: case_duplicate
Command: "E:/School/1142/AI-assisted/Repos/11402_CS351_Project0/build/twosum_test.exe" "duplicate"
Directory: E:/School/1142/AI-assisted/Repos/11402_CS351_Project0/build
"case_duplicate" start time: May 07 14:28 台北標準時間
Output:
----------------------------------------------------------
PASSED: duplicate
<end of output>
Test time =   0.03 sec
----------------------------------------------------------
Test Passed.
"case_duplicate" end time: May 07 14:28 台北標準時間
"case_duplicate" time elapsed: 00:00:00
----------------------------------------------------------

5/5 Testing: case_no_solution
5/5 Test: case_no_solution
Command: "E:/School/1142/AI-assisted/Repos/11402_CS351_Project0/build/twosum_test.exe" "no_solution"
Directory: E:/School/1142/AI-assisted/Repos/11402_CS351_Project0/build
"case_no_solution" start time: May 07 14:28 台北標準時間
Output:
----------------------------------------------------------
PASSED: no_solution
<end of output>
Test time =   0.02 sec
----------------------------------------------------------
Test Passed.
"case_no_solution" end time: May 07 14:28 台北標準時間
"case_no_solution" time elapsed: 00:00:00
----------------------------------------------------------

End testing: May 07 14:28 台北標準時間
